# JRE version: OpenJDK Runtime Environment (8.0_222-b10) (build 1.8.0_222-8u222-b10-1ubuntu1~16.04.1-b10)
# Java VM: OpenJDK 64-Bit Server VM (25.222-b10 mixed mode linux-amd64 compressed oops)
Heap:
 PSYoungGen      total 489472K, used 166361K [0x000000076d100000, 0x0000000797780000, 0x00000007c0000000)
  eden space 323072K, 0% used [0x000000076d100000,0x000000076d100000,0x0000000780c80000)
  from space 166400K, 99% used [0x0000000783280000,0x000000078d4f6590,0x000000078d500000)
  to   space 138752K, 0% used [0x000000078f000000,0x000000078f000000,0x0000000797780000)
 ParOldGen       total 1221632K, used 1166436K [0x00000006c7200000, 0x0000000711b00000, 0x000000076d100000)
  object space 1221632K, 95% used [0x00000006c7200000,0x000000070e519270,0x0000000711b00000)
 Metaspace       used 4876K, capacity 4960K, committed 5248K, reserved 1056768K
  class space    used 548K, capacity 592K, committed 640K, reserved 1048576K
GC Heap History (10 events):
Event: 28,069 GC heap after
Heap after GC invocations=11 (full 4):
 PSYoungGen      total 312832K, used 155187K [0x000000076d100000, 0x0000000789c00000, 0x00000007c0000000)
  eden space 223232K, 69% used [0x000000076d100000,0x000000077688cd20,0x000000077ab00000)
  from space 89600K, 0% used [0x0000000781900000,0x0000000781900000,0x0000000787080000)
  to   space 112640K, 0% used [0x000000077ab00000,0x000000077ab00000,0x0000000781900000)
 ParOldGen       total 762368K, used 569598K [0x00000006c7200000, 0x00000006f5a80000, 0x000000076d100000)
  object space 762368K, 74% used [0x00000006c7200000,0x00000006e9e3fa10,0x00000006f5a80000)
 Metaspace       used 4876K, capacity 4960K, committed 5248K, reserved 1056768K
  class space    used 548K, capacity 592K, committed 640K, reserved 1048576K
}
Event: 28,073 GC heap before
{Heap before GC invocations=12 (full 4):
 PSYoungGen      total 312832K, used 223232K [0x000000076d100000, 0x0000000789c00000, 0x00000007c0000000)
  eden space 223232K, 100% used [0x000000076d100000,0x000000077ab00000,0x000000077ab00000)
  from space 89600K, 0% used [0x0000000781900000,0x0000000781900000,0x0000000787080000)
  to   space 112640K, 0% used [0x000000077ab00000,0x000000077ab00000,0x0000000781900000)
 ParOldGen       total 762368K, used 569598K [0x00000006c7200000, 0x00000006f5a80000, 0x000000076d100000)
  object space 762368K, 74% used [0x00000006c7200000,0x00000006e9e3fa10,0x00000006f5a80000)
 Metaspace       used 4876K, capacity 4960K, committed 5248K, reserved 1056768K
  class space    used 548K, capacity 592K, committed 640K, reserved 1048576K
Event: 28,123 GC heap after
Heap after GC invocations=12 (full 4):
 PSYoungGen      total 335872K, used 112600K [0x000000076d100000, 0x0000000797780000, 0x00000007c0000000)
  eden space 223232K, 0% used [0x000000076d100000,0x000000076d100000,0x000000077ab00000)
  from space 112640K, 99% used [0x000000077ab00000,0x00000007818f6290,0x0000000781900000)
  to   space 138752K, 0% used [0x000000078f000000,0x000000078f000000,0x0000000797780000)
 ParOldGen       total 762368K, used 679620K [0x00000006c7200000, 0x00000006f5a80000, 0x000000076d100000)
  object space 762368K, 89% used [0x00000006c7200000,0x00000006f09b1210,0x00000006f5a80000)
 Metaspace       used 4876K, capacity 4960K, committed 5248K, reserved 1056768K
  class space    used 548K, capacity 592K, committed 640K, reserved 1048576K
}
Event: 28,123 GC heap before
{Heap before GC invocations=13 (full 5):
 PSYoungGen      total 335872K, used 112600K [0x000000076d100000, 0x0000000797780000, 0x00000007c0000000)
  eden space 223232K, 0% used [0x000000076d100000,0x000000076d100000,0x000000077ab00000)
  from space 112640K, 99% used [0x000000077ab00000,0x00000007818f6290,0x0000000781900000)
  to   space 138752K, 0% used [0x000000078f000000,0x000000078f000000,0x0000000797780000)
 ParOldGen       total 762368K, used 679620K [0x00000006c7200000, 0x00000006f5a80000, 0x000000076d100000)
  object space 762368K, 89% used [0x00000006c7200000,0x00000006f09b1210,0x00000006f5a80000)
 Metaspace       used 4876K, capacity 4960K, committed 5248K, reserved 1056768K
  class space    used 548K, capacity 592K, committed 640K, reserved 1048576K
Event: 28,206 GC heap after
Heap after GC invocations=13 (full 5):
 PSYoungGen      total 335872K, used 30162K [0x000000076d100000, 0x0000000797780000, 0x00000007c0000000)
  eden space 223232K, 0% used [0x000000076d100000,0x000000076d100000,0x000000077ab00000)
  from space 112640K, 26% used [0x000000077ab00000,0x000000077c874920,0x0000000781900000)
  to   space 138752K, 0% used [0x000000078f000000,0x000000078f000000,0x0000000797780000)
 ParOldGen       total 979968K, used 762058K [0x00000006c7200000, 0x0000000702f00000, 0x000000076d100000)
  object space 979968K, 77% used [0x00000006c7200000,0x00000006f5a32b80,0x0000000702f00000)
 Metaspace       used 4876K, capacity 4960K, committed 5248K, reserved 1056768K
  class space    used 548K, capacity 592K, committed 640K, reserved 1048576K
}
Event: 28,220 GC heap before
{Heap before GC invocations=14 (full 5):
 PSYoungGen      total 335872K, used 253394K [0x000000076d100000, 0x0000000797780000, 0x00000007c0000000)
  eden space 223232K, 100% used [0x000000076d100000,0x000000077ab00000,0x000000077ab00000)
  from space 112640K, 26% used [0x000000077ab00000,0x000000077c874920,0x0000000781900000)
  to   space 138752K, 0% used [0x000000078f000000,0x000000078f000000,0x0000000797780000)
 ParOldGen       total 979968K, used 762058K [0x00000006c7200000, 0x0000000702f00000, 0x000000076d100000)
  object space 979968K, 77% used [0x00000006c7200000,0x00000006f5a32b80,0x0000000702f00000)
 Metaspace       used 4876K, capacity 4960K, committed 5248K, reserved 1056768K
  class space    used 548K, capacity 592K, committed 640K, reserved 1048576K
Event: 28,394 GC heap after
Heap after GC invocations=14 (full 5):
 PSYoungGen      total 461824K, used 138699K [0x000000076d100000, 0x0000000797780000, 0x00000007c0000000)
  eden space 323072K, 0% used [0x000000076d100000,0x000000076d100000,0x0000000780c80000)
  from space 138752K, 99% used [0x000000078f000000,0x0000000797772e70,0x0000000797780000)
  to   space 166400K, 0% used [0x0000000783280000,0x0000000783280000,0x000000078d500000)
 ParOldGen       total 979968K, used 875284K [0x00000006c7200000, 0x0000000702f00000, 0x000000076d100000)
  object space 979968K, 89% used [0x00000006c7200000,0x00000006fc8c5290,0x0000000702f00000)
 Metaspace       used 4876K, capacity 4960K, committed 5248K, reserved 1056768K
  class space    used 548K, capacity 592K, committed 640K, reserved 1048576K
}
Event: 28,394 GC heap before
{Heap before GC invocations=15 (full 6):
 PSYoungGen      total 461824K, used 138699K [0x000000076d100000, 0x0000000797780000, 0x00000007c0000000)
  eden space 323072K, 0% used [0x000000076d100000,0x000000076d100000,0x0000000780c80000)
  from space 138752K, 99% used [0x000000078f000000,0x0000000797772e70,0x0000000797780000)
  to   space 166400K, 0% used [0x0000000783280000,0x0000000783280000,0x000000078d500000)
 ParOldGen       total 979968K, used 875284K [0x00000006c7200000, 0x0000000702f00000, 0x000000076d100000)
  object space 979968K, 89% used [0x00000006c7200000,0x00000006fc8c5290,0x0000000702f00000)
 Metaspace       used 4876K, capacity 4960K, committed 5248K, reserved 1056768K
  class space    used 548K, capacity 592K, committed 640K, reserved 1048576K
Event: 28,581 GC heap after
Heap after GC invocations=15 (full 6):
 PSYoungGen      total 461824K, used 34225K [0x000000076d100000, 0x0000000797780000, 0x00000007c0000000)
  eden space 323072K, 0% used [0x000000076d100000,0x000000076d100000,0x0000000780c80000)
  from space 138752K, 24% used [0x000000078f000000,0x000000079116c660,0x0000000797780000)
  to   space 166400K, 0% used [0x0000000783280000,0x0000000783280000,0x000000078d500000)
 ParOldGen       total 1221632K, used 979758K [0x00000006c7200000, 0x0000000711b00000, 0x000000076d100000)
  object space 1221632K, 80% used [0x00000006c7200000,0x0000000702ecbaa0,0x0000000711b00000)
 Metaspace       used 4876K, capacity 4960K, committed 5248K, reserved 1056768K
  class space    used 548K, capacity 592K, committed 640K, reserved 1048576K
}
Event: 28,599 GC heap before
{Heap before GC invocations=16 (full 6):
 PSYoungGen      total 461824K, used 357297K [0x000000076d100000, 0x0000000797780000, 0x00000007c0000000)
  eden space 323072K, 100% used [0x000000076d100000,0x0000000780c80000,0x0000000780c80000)
  from space 138752K, 24% used [0x000000078f000000,0x000000079116c660,0x0000000797780000)
  to   space 166400K, 0% used [0x0000000783280000,0x0000000783280000,0x000000078d500000)
 ParOldGen       total 1221632K, used 979758K [0x00000006c7200000, 0x0000000711b00000, 0x000000076d100000)
  object space 1221632K, 80% used [0x00000006c7200000,0x0000000702ecbaa0,0x0000000711b00000)
 Metaspace       used 4876K, capacity 4960K, committed 5248K, reserved 1056768K
  class space    used 548K, capacity 592K, committed 640K, reserved 1048576K

